CRITICAL - 2025-10-24 00:30:51 --> CodeIgniter\View\Exceptions\ViewException: Invalid file: "layouts/main.php"
[Method: GET, Route: admin/course/1/upload]
in SYSTEMPATH\Exceptions\FrameworkException.php on line 39.
 1 SYSTEMPATH\View\View.php(214): CodeIgniter\Exceptions\FrameworkException::forInvalidFile('layouts/main.php')
 2 SYSTEMPATH\View\View.php(242): CodeIgniter\View\View->render('layouts/main', [], true)
 3 SYSTEMPATH\Common.php(1167): CodeIgniter\View\View->render('materials/upload', [], true)
 4 APPPATH\Controllers\Materials.php(42): view('materials/upload', [...])
 5 SYSTEMPATH\CodeIgniter.php(933): App\Controllers\Materials->upload('1')
 6 SYSTEMPATH\CodeIgniter.php(507): CodeIgniter\CodeIgniter->runController(Object(App\Controllers\Materials))
 7 SYSTEMPATH\CodeIgniter.php(354): CodeIgniter\CodeIgniter->handleRequest(null, Object(Config\Cache), false)
 8 SYSTEMPATH\Boot.php(363): CodeIgniter\CodeIgniter->run()
 9 SYSTEMPATH\Boot.php(68): CodeIgniter\Boot::runCodeIgniter(Object(CodeIgniter\CodeIgniter))
10 FCPATH\index.php(63): CodeIgniter\Boot::bootWeb(Object(Config\Paths))
CRITICAL - 2025-10-24 00:51:52 --> CodeIgniter\Exceptions\BadMethodCallException: Call to undefined method App\Models\EnrollmentModel::isEnrolled
[Method: GET, Route: student/course/1]
in SYSTEMPATH\Model.php on line 927.
 1 APPPATH\Controllers\StudentController.php(207): CodeIgniter\Model->__call('isEnrolled', [...])
 2 SYSTEMPATH\CodeIgniter.php(933): App\Controllers\StudentController->course_view('1')
 3 SYSTEMPATH\CodeIgniter.php(507): CodeIgniter\CodeIgniter->runController(Object(App\Controllers\StudentController))
 4 SYSTEMPATH\CodeIgniter.php(354): CodeIgniter\CodeIgniter->handleRequest(null, Object(Config\Cache), false)
 5 SYSTEMPATH\Boot.php(363): CodeIgniter\CodeIgniter->run()
 6 SYSTEMPATH\Boot.php(68): CodeIgniter\Boot::runCodeIgniter(Object(CodeIgniter\CodeIgniter))
 7 FCPATH\index.php(63): CodeIgniter\Boot::bootWeb(Object(Config\Paths))
CRITICAL - 2025-10-24 00:58:41 --> CodeIgniter\Exceptions\BadMethodCallException: Call to undefined method App\Models\EnrollmentModel::isEnrolled
[Method: GET, Route: student/course/1]
in SYSTEMPATH\Model.php on line 927.
 1 APPPATH\Controllers\StudentController.php(207): CodeIgniter\Model->__call('isEnrolled', [...])
 2 SYSTEMPATH\CodeIgniter.php(933): App\Controllers\StudentController->course_view('1')
 3 SYSTEMPATH\CodeIgniter.php(507): CodeIgniter\CodeIgniter->runController(Object(App\Controllers\StudentController))
 4 SYSTEMPATH\CodeIgniter.php(354): CodeIgniter\CodeIgniter->handleRequest(null, Object(Config\Cache), false)
 5 SYSTEMPATH\Boot.php(363): CodeIgniter\CodeIgniter->run()
 6 SYSTEMPATH\Boot.php(68): CodeIgniter\Boot::runCodeIgniter(Object(CodeIgniter\CodeIgniter))
 7 FCPATH\index.php(63): CodeIgniter\Boot::bootWeb(Object(Config\Paths))
