ERROR - 2025-10-09 14:56:17 --> Error connecting to the database: mysqli_sql_exception: No connection could be made because the target machine actively refused it in C:\xampp\htdocs\ITE311-BAYANI\system\Database\MySQLi\Connection.php:201
Stack trace:
#0 C:\xampp\htdocs\ITE311-BAYANI\system\Database\MySQLi\Connection.php(201): mysqli->real_connect('127.0.0.1', 'root', Object(SensitiveParameterValue), 'lms_bayani', 3306, '', 0)
#1 C:\xampp\htdocs\ITE311-BAYANI\system\Database\BaseConnection.php(419): CodeIgniter\Database\MySQLi\Connection->connect(false)
#2 C:\xampp\htdocs\ITE311-BAYANI\system\Session\Handlers\DatabaseHandler.php(100): CodeIgniter\Database\BaseConnection->initialize()
#3 [internal function]: CodeIgniter\Session\Handlers\DatabaseHandler->open('ci_sessions', 'ci_session')
#4 C:\xampp\htdocs\ITE311-BAYANI\system\Session\Session.php(912): session_start()
#5 C:\xampp\htdocs\ITE311-BAYANI\system\Session\Session.php(243): CodeIgniter\Session\Session->startSession()
#6 C:\xampp\htdocs\ITE311-BAYANI\system\Config\Services.php(715): CodeIgniter\Session\Session->start()
#7 C:\xampp\htdocs\ITE311-BAYANI\system\Config\BaseService.php(312): CodeIgniter\Config\Services::session(Object(Config\Session), false)
#8 C:\xampp\htdocs\ITE311-BAYANI\system\Config\BaseService.php(251): CodeIgniter\Config\BaseService::__callStatic('session', Array)
#9 C:\xampp\htdocs\ITE311-BAYANI\system\Config\Services.php(668): CodeIgniter\Config\BaseService::getSharedInstance('session', NULL)
#10 C:\xampp\htdocs\ITE311-BAYANI\system\Config\BaseService.php(321): CodeIgniter\Config\Services::session()
#11 C:\xampp\htdocs\ITE311-BAYANI\system\Config\BaseService.php(202): CodeIgniter\Config\BaseService::__callStatic('session', Array)
#12 C:\xampp\htdocs\ITE311-BAYANI\system\Common.php(995): CodeIgniter\Config\BaseService::get('session')
#13 C:\xampp\htdocs\ITE311-BAYANI\system\Common.php(968): service('session')
#14 C:\xampp\htdocs\ITE311-BAYANI\app\Views\partials\navbar.php(30): session()
#15 C:\xampp\htdocs\ITE311-BAYANI\system\View\View.php(226): include('C:\\xampp\\htdocs...')
#16 C:\xampp\htdocs\ITE311-BAYANI\system\View\View.php(229): CodeIgniter\View\View->CodeIgniter\View\{closure}()
#17 C:\xampp\htdocs\ITE311-BAYANI\system\View\View.php(475): CodeIgniter\View\View->render('partials/navbar', NULL, true)
#18 C:\xampp\htdocs\ITE311-BAYANI\app\Views\index.php(44): CodeIgniter\View\View->include('partials/navbar')
#19 C:\xampp\htdocs\ITE311-BAYANI\system\View\View.php(226): include('C:\\xampp\\htdocs...')
#20 C:\xampp\htdocs\ITE311-BAYANI\system\View\View.php(229): CodeIgniter\View\View->CodeIgniter\View\{closure}()
#21 C:\xampp\htdocs\ITE311-BAYANI\system\Common.php(1167): CodeIgniter\View\View->render('index', Array, true)
#22 C:\xampp\htdocs\ITE311-BAYANI\app\Controllers\Home.php(10): view('index')
#23 C:\xampp\htdocs\ITE311-BAYANI\system\CodeIgniter.php(933): App\Controllers\Home->index()
#24 C:\xampp\htdocs\ITE311-BAYANI\system\CodeIgniter.php(507): CodeIgniter\CodeIgniter->runController(Object(App\Controllers\Home))
#25 C:\xampp\htdocs\ITE311-BAYANI\system\CodeIgniter.php(354): CodeIgniter\CodeIgniter->handleRequest(NULL, Object(Config\Cache), false)
#26 C:\xampp\htdocs\ITE311-BAYANI\system\Boot.php(363): CodeIgniter\CodeIgniter->run()
#27 C:\xampp\htdocs\ITE311-BAYANI\system\Boot.php(68): CodeIgniter\Boot::runCodeIgniter(Object(CodeIgniter\CodeIgniter))
#28 C:\xampp\htdocs\ITE311-BAYANI\index.php(59): CodeIgniter\Boot::bootWeb(Object(Config\Paths))
#29 {main}

Next CodeIgniter\Database\Exceptions\DatabaseException: No connection could be made because the target machine actively refused it in C:\xampp\htdocs\ITE311-BAYANI\system\Database\MySQLi\Connection.php:246
Stack trace:
#0 C:\xampp\htdocs\ITE311-BAYANI\system\Database\BaseConnection.php(419): CodeIgniter\Database\MySQLi\Connection->connect(false)
#1 C:\xampp\htdocs\ITE311-BAYANI\system\Session\Handlers\DatabaseHandler.php(100): CodeIgniter\Database\BaseConnection->initialize()
#2 [internal function]: CodeIgniter\Session\Handlers\DatabaseHandler->open('ci_sessions', 'ci_session')
#3 C:\xampp\htdocs\ITE311-BAYANI\system\Session\Session.php(912): session_start()
#4 C:\xampp\htdocs\ITE311-BAYANI\system\Session\Session.php(243): CodeIgniter\Session\Session->startSession()
#5 C:\xampp\htdocs\ITE311-BAYANI\system\Config\Services.php(715): CodeIgniter\Session\Session->start()
#6 C:\xampp\htdocs\ITE311-BAYANI\system\Config\BaseService.php(312): CodeIgniter\Config\Services::session(Object(Config\Session), false)
#7 C:\xampp\htdocs\ITE311-BAYANI\system\Config\BaseService.php(251): CodeIgniter\Config\BaseService::__callStatic('session', Array)
#8 C:\xampp\htdocs\ITE311-BAYANI\system\Config\Services.php(668): CodeIgniter\Config\BaseService::getSharedInstance('session', NULL)
#9 C:\xampp\htdocs\ITE311-BAYANI\system\Config\BaseService.php(321): CodeIgniter\Config\Services::session()
#10 C:\xampp\htdocs\ITE311-BAYANI\system\Config\BaseService.php(202): CodeIgniter\Config\BaseService::__callStatic('session', Array)
#11 C:\xampp\htdocs\ITE311-BAYANI\system\Common.php(995): CodeIgniter\Config\BaseService::get('session')
#12 C:\xampp\htdocs\ITE311-BAYANI\system\Common.php(968): service('session')
#13 C:\xampp\htdocs\ITE311-BAYANI\app\Views\partials\navbar.php(30): session()
#14 C:\xampp\htdocs\ITE311-BAYANI\system\View\View.php(226): include('C:\\xampp\\htdocs...')
#15 C:\xampp\htdocs\ITE311-BAYANI\system\View\View.php(229): CodeIgniter\View\View->CodeIgniter\View\{closure}()
#16 C:\xampp\htdocs\ITE311-BAYANI\system\View\View.php(475): CodeIgniter\View\View->render('partials/navbar', NULL, true)
#17 C:\xampp\htdocs\ITE311-BAYANI\app\Views\index.php(44): CodeIgniter\View\View->include('partials/navbar')
#18 C:\xampp\htdocs\ITE311-BAYANI\system\View\View.php(226): include('C:\\xampp\\htdocs...')
#19 C:\xampp\htdocs\ITE311-BAYANI\system\View\View.php(229): CodeIgniter\View\View->CodeIgniter\View\{closure}()
#20 C:\xampp\htdocs\ITE311-BAYANI\system\Common.php(1167): CodeIgniter\View\View->render('index', Array, true)
#21 C:\xampp\htdocs\ITE311-BAYANI\app\Controllers\Home.php(10): view('index')
#22 C:\xampp\htdocs\ITE311-BAYANI\system\CodeIgniter.php(933): App\Controllers\Home->index()
#23 C:\xampp\htdocs\ITE311-BAYANI\system\CodeIgniter.php(507): CodeIgniter\CodeIgniter->runController(Object(App\Controllers\Home))
#24 C:\xampp\htdocs\ITE311-BAYANI\system\CodeIgniter.php(354): CodeIgniter\CodeIgniter->handleRequest(NULL, Object(Config\Cache), false)
#25 C:\xampp\htdocs\ITE311-BAYANI\system\Boot.php(363): CodeIgniter\CodeIgniter->run()
#26 C:\xampp\htdocs\ITE311-BAYANI\system\Boot.php(68): CodeIgniter\Boot::runCodeIgniter(Object(CodeIgniter\CodeIgniter))
#27 C:\xampp\htdocs\ITE311-BAYANI\index.php(59): CodeIgniter\Boot::bootWeb(Object(Config\Paths))
#28 {main}
CRITICAL - 2025-10-09 14:56:17 --> CodeIgniter\Database\Exceptions\DatabaseException: Unable to connect to the database.
Main connection [MySQLi]: No connection could be made because the target machine actively refused it
[Method: GET, Route: /]
in SYSTEMPATH\Database\BaseConnection.php on line 465.
 1 SYSTEMPATH\Session\Handlers\DatabaseHandler.php(100): CodeIgniter\Database\BaseConnection->initialize()
 2 [internal function]: CodeIgniter\Session\Handlers\DatabaseHandler->open('ci_sessions', 'ci_session')
 3 SYSTEMPATH\Session\Session.php(912): session_start()
 4 SYSTEMPATH\Session\Session.php(243): CodeIgniter\Session\Session->startSession()
 5 SYSTEMPATH\Config\Services.php(715): CodeIgniter\Session\Session->start()
 6 SYSTEMPATH\Config\BaseService.php(312): CodeIgniter\Config\Services::session(Object(Config\Session), false)
 7 SYSTEMPATH\Config\BaseService.php(251): CodeIgniter\Config\BaseService::__callStatic('session', [...])
 8 SYSTEMPATH\Config\Services.php(668): CodeIgniter\Config\BaseService::getSharedInstance('session', null)
 9 SYSTEMPATH\Config\BaseService.php(321): CodeIgniter\Config\Services::session()
10 SYSTEMPATH\Config\BaseService.php(202): CodeIgniter\Config\BaseService::__callStatic('session', [])
11 SYSTEMPATH\Common.php(995): CodeIgniter\Config\BaseService::get('session')
12 SYSTEMPATH\Common.php(968): service('session')
13 APPPATH\Views\partials\navbar.php(30): session()
14 SYSTEMPATH\View\View.php(226): include('C:\\xampp\\htdocs\\ITE311-BAYANI\\app\\Views\\partials\\navbar.php')
15 SYSTEMPATH\View\View.php(229): CodeIgniter\View\View->CodeIgniter\View\{closure}()
16 SYSTEMPATH\View\View.php(475): CodeIgniter\View\View->render('partials/navbar', null, true)
17 APPPATH\Views\index.php(44): CodeIgniter\View\View->include('partials/navbar')
18 SYSTEMPATH\View\View.php(226): include('C:\\xampp\\htdocs\\ITE311-BAYANI\\app\\Views\\index.php')
19 SYSTEMPATH\View\View.php(229): CodeIgniter\View\View->CodeIgniter\View\{closure}()
20 SYSTEMPATH\Common.php(1167): CodeIgniter\View\View->render('index', [], true)
21 APPPATH\Controllers\Home.php(10): view('index')
22 SYSTEMPATH\CodeIgniter.php(933): App\Controllers\Home->index()
23 SYSTEMPATH\CodeIgniter.php(507): CodeIgniter\CodeIgniter->runController(Object(App\Controllers\Home))
24 SYSTEMPATH\CodeIgniter.php(354): CodeIgniter\CodeIgniter->handleRequest(null, Object(Config\Cache), false)
25 SYSTEMPATH\Boot.php(363): CodeIgniter\CodeIgniter->run()
26 SYSTEMPATH\Boot.php(68): CodeIgniter\Boot::runCodeIgniter(Object(CodeIgniter\CodeIgniter))
27 FCPATH\index.php(59): CodeIgniter\Boot::bootWeb(Object(Config\Paths))
ERROR - 2025-10-09 14:56:24 --> Error connecting to the database: mysqli_sql_exception: No connection could be made because the target machine actively refused it in C:\xampp\htdocs\ITE311-BAYANI\system\Database\MySQLi\Connection.php:201
Stack trace:
#0 C:\xampp\htdocs\ITE311-BAYANI\system\Database\MySQLi\Connection.php(201): mysqli->real_connect('127.0.0.1', 'root', Object(SensitiveParameterValue), 'lms_bayani', 3306, '', 0)
#1 C:\xampp\htdocs\ITE311-BAYANI\system\Database\BaseConnection.php(419): CodeIgniter\Database\MySQLi\Connection->connect(false)
#2 C:\xampp\htdocs\ITE311-BAYANI\system\Session\Handlers\DatabaseHandler.php(100): CodeIgniter\Database\BaseConnection->initialize()
#3 [internal function]: CodeIgniter\Session\Handlers\DatabaseHandler->open('ci_sessions', 'ci_session')
#4 C:\xampp\htdocs\ITE311-BAYANI\system\Session\Session.php(912): session_start()
#5 C:\xampp\htdocs\ITE311-BAYANI\system\Session\Session.php(243): CodeIgniter\Session\Session->startSession()
#6 C:\xampp\htdocs\ITE311-BAYANI\system\Config\Services.php(715): CodeIgniter\Session\Session->start()
#7 C:\xampp\htdocs\ITE311-BAYANI\system\Config\BaseService.php(312): CodeIgniter\Config\Services::session(Object(Config\Session), false)
#8 C:\xampp\htdocs\ITE311-BAYANI\system\Config\BaseService.php(251): CodeIgniter\Config\BaseService::__callStatic('session', Array)
#9 C:\xampp\htdocs\ITE311-BAYANI\system\Config\Services.php(668): CodeIgniter\Config\BaseService::getSharedInstance('session', NULL)
#10 C:\xampp\htdocs\ITE311-BAYANI\system\Config\BaseService.php(321): CodeIgniter\Config\Services::session()
#11 C:\xampp\htdocs\ITE311-BAYANI\system\Config\BaseService.php(202): CodeIgniter\Config\BaseService::__callStatic('session', Array)
#12 C:\xampp\htdocs\ITE311-BAYANI\system\Common.php(995): CodeIgniter\Config\BaseService::get('session')
#13 C:\xampp\htdocs\ITE311-BAYANI\system\Common.php(968): service('session')
#14 C:\xampp\htdocs\ITE311-BAYANI\app\Views\partials\navbar.php(30): session()
#15 C:\xampp\htdocs\ITE311-BAYANI\system\View\View.php(226): include('C:\\xampp\\htdocs...')
#16 C:\xampp\htdocs\ITE311-BAYANI\system\View\View.php(229): CodeIgniter\View\View->CodeIgniter\View\{closure}()
#17 C:\xampp\htdocs\ITE311-BAYANI\system\View\View.php(475): CodeIgniter\View\View->render('partials/navbar', NULL, true)
#18 C:\xampp\htdocs\ITE311-BAYANI\app\Views\index.php(44): CodeIgniter\View\View->include('partials/navbar')
#19 C:\xampp\htdocs\ITE311-BAYANI\system\View\View.php(226): include('C:\\xampp\\htdocs...')
#20 C:\xampp\htdocs\ITE311-BAYANI\system\View\View.php(229): CodeIgniter\View\View->CodeIgniter\View\{closure}()
#21 C:\xampp\htdocs\ITE311-BAYANI\system\Common.php(1167): CodeIgniter\View\View->render('index', Array, true)
#22 C:\xampp\htdocs\ITE311-BAYANI\app\Controllers\Home.php(10): view('index')
#23 C:\xampp\htdocs\ITE311-BAYANI\system\CodeIgniter.php(933): App\Controllers\Home->index()
#24 C:\xampp\htdocs\ITE311-BAYANI\system\CodeIgniter.php(507): CodeIgniter\CodeIgniter->runController(Object(App\Controllers\Home))
#25 C:\xampp\htdocs\ITE311-BAYANI\system\CodeIgniter.php(354): CodeIgniter\CodeIgniter->handleRequest(NULL, Object(Config\Cache), false)
#26 C:\xampp\htdocs\ITE311-BAYANI\system\Boot.php(363): CodeIgniter\CodeIgniter->run()
#27 C:\xampp\htdocs\ITE311-BAYANI\system\Boot.php(68): CodeIgniter\Boot::runCodeIgniter(Object(CodeIgniter\CodeIgniter))
#28 C:\xampp\htdocs\ITE311-BAYANI\index.php(59): CodeIgniter\Boot::bootWeb(Object(Config\Paths))
#29 {main}

Next CodeIgniter\Database\Exceptions\DatabaseException: No connection could be made because the target machine actively refused it in C:\xampp\htdocs\ITE311-BAYANI\system\Database\MySQLi\Connection.php:246
Stack trace:
#0 C:\xampp\htdocs\ITE311-BAYANI\system\Database\BaseConnection.php(419): CodeIgniter\Database\MySQLi\Connection->connect(false)
#1 C:\xampp\htdocs\ITE311-BAYANI\system\Session\Handlers\DatabaseHandler.php(100): CodeIgniter\Database\BaseConnection->initialize()
#2 [internal function]: CodeIgniter\Session\Handlers\DatabaseHandler->open('ci_sessions', 'ci_session')
#3 C:\xampp\htdocs\ITE311-BAYANI\system\Session\Session.php(912): session_start()
#4 C:\xampp\htdocs\ITE311-BAYANI\system\Session\Session.php(243): CodeIgniter\Session\Session->startSession()
#5 C:\xampp\htdocs\ITE311-BAYANI\system\Config\Services.php(715): CodeIgniter\Session\Session->start()
#6 C:\xampp\htdocs\ITE311-BAYANI\system\Config\BaseService.php(312): CodeIgniter\Config\Services::session(Object(Config\Session), false)
#7 C:\xampp\htdocs\ITE311-BAYANI\system\Config\BaseService.php(251): CodeIgniter\Config\BaseService::__callStatic('session', Array)
#8 C:\xampp\htdocs\ITE311-BAYANI\system\Config\Services.php(668): CodeIgniter\Config\BaseService::getSharedInstance('session', NULL)
#9 C:\xampp\htdocs\ITE311-BAYANI\system\Config\BaseService.php(321): CodeIgniter\Config\Services::session()
#10 C:\xampp\htdocs\ITE311-BAYANI\system\Config\BaseService.php(202): CodeIgniter\Config\BaseService::__callStatic('session', Array)
#11 C:\xampp\htdocs\ITE311-BAYANI\system\Common.php(995): CodeIgniter\Config\BaseService::get('session')
#12 C:\xampp\htdocs\ITE311-BAYANI\system\Common.php(968): service('session')
#13 C:\xampp\htdocs\ITE311-BAYANI\app\Views\partials\navbar.php(30): session()
#14 C:\xampp\htdocs\ITE311-BAYANI\system\View\View.php(226): include('C:\\xampp\\htdocs...')
#15 C:\xampp\htdocs\ITE311-BAYANI\system\View\View.php(229): CodeIgniter\View\View->CodeIgniter\View\{closure}()
#16 C:\xampp\htdocs\ITE311-BAYANI\system\View\View.php(475): CodeIgniter\View\View->render('partials/navbar', NULL, true)
#17 C:\xampp\htdocs\ITE311-BAYANI\app\Views\index.php(44): CodeIgniter\View\View->include('partials/navbar')
#18 C:\xampp\htdocs\ITE311-BAYANI\system\View\View.php(226): include('C:\\xampp\\htdocs...')
#19 C:\xampp\htdocs\ITE311-BAYANI\system\View\View.php(229): CodeIgniter\View\View->CodeIgniter\View\{closure}()
#20 C:\xampp\htdocs\ITE311-BAYANI\system\Common.php(1167): CodeIgniter\View\View->render('index', Array, true)
#21 C:\xampp\htdocs\ITE311-BAYANI\app\Controllers\Home.php(10): view('index')
#22 C:\xampp\htdocs\ITE311-BAYANI\system\CodeIgniter.php(933): App\Controllers\Home->index()
#23 C:\xampp\htdocs\ITE311-BAYANI\system\CodeIgniter.php(507): CodeIgniter\CodeIgniter->runController(Object(App\Controllers\Home))
#24 C:\xampp\htdocs\ITE311-BAYANI\system\CodeIgniter.php(354): CodeIgniter\CodeIgniter->handleRequest(NULL, Object(Config\Cache), false)
#25 C:\xampp\htdocs\ITE311-BAYANI\system\Boot.php(363): CodeIgniter\CodeIgniter->run()
#26 C:\xampp\htdocs\ITE311-BAYANI\system\Boot.php(68): CodeIgniter\Boot::runCodeIgniter(Object(CodeIgniter\CodeIgniter))
#27 C:\xampp\htdocs\ITE311-BAYANI\index.php(59): CodeIgniter\Boot::bootWeb(Object(Config\Paths))
#28 {main}
CRITICAL - 2025-10-09 14:56:24 --> CodeIgniter\Database\Exceptions\DatabaseException: Unable to connect to the database.
Main connection [MySQLi]: No connection could be made because the target machine actively refused it
[Method: GET, Route: /]
in SYSTEMPATH\Database\BaseConnection.php on line 465.
 1 SYSTEMPATH\Session\Handlers\DatabaseHandler.php(100): CodeIgniter\Database\BaseConnection->initialize()
 2 [internal function]: CodeIgniter\Session\Handlers\DatabaseHandler->open('ci_sessions', 'ci_session')
 3 SYSTEMPATH\Session\Session.php(912): session_start()
 4 SYSTEMPATH\Session\Session.php(243): CodeIgniter\Session\Session->startSession()
 5 SYSTEMPATH\Config\Services.php(715): CodeIgniter\Session\Session->start()
 6 SYSTEMPATH\Config\BaseService.php(312): CodeIgniter\Config\Services::session(Object(Config\Session), false)
 7 SYSTEMPATH\Config\BaseService.php(251): CodeIgniter\Config\BaseService::__callStatic('session', [...])
 8 SYSTEMPATH\Config\Services.php(668): CodeIgniter\Config\BaseService::getSharedInstance('session', null)
 9 SYSTEMPATH\Config\BaseService.php(321): CodeIgniter\Config\Services::session()
10 SYSTEMPATH\Config\BaseService.php(202): CodeIgniter\Config\BaseService::__callStatic('session', [])
11 SYSTEMPATH\Common.php(995): CodeIgniter\Config\BaseService::get('session')
12 SYSTEMPATH\Common.php(968): service('session')
13 APPPATH\Views\partials\navbar.php(30): session()
14 SYSTEMPATH\View\View.php(226): include('C:\\xampp\\htdocs\\ITE311-BAYANI\\app\\Views\\partials\\navbar.php')
15 SYSTEMPATH\View\View.php(229): CodeIgniter\View\View->CodeIgniter\View\{closure}()
16 SYSTEMPATH\View\View.php(475): CodeIgniter\View\View->render('partials/navbar', null, true)
17 APPPATH\Views\index.php(44): CodeIgniter\View\View->include('partials/navbar')
18 SYSTEMPATH\View\View.php(226): include('C:\\xampp\\htdocs\\ITE311-BAYANI\\app\\Views\\index.php')
19 SYSTEMPATH\View\View.php(229): CodeIgniter\View\View->CodeIgniter\View\{closure}()
20 SYSTEMPATH\Common.php(1167): CodeIgniter\View\View->render('index', [], true)
21 APPPATH\Controllers\Home.php(10): view('index')
22 SYSTEMPATH\CodeIgniter.php(933): App\Controllers\Home->index()
23 SYSTEMPATH\CodeIgniter.php(507): CodeIgniter\CodeIgniter->runController(Object(App\Controllers\Home))
24 SYSTEMPATH\CodeIgniter.php(354): CodeIgniter\CodeIgniter->handleRequest(null, Object(Config\Cache), false)
25 SYSTEMPATH\Boot.php(363): CodeIgniter\CodeIgniter->run()
26 SYSTEMPATH\Boot.php(68): CodeIgniter\Boot::runCodeIgniter(Object(CodeIgniter\CodeIgniter))
27 FCPATH\index.php(59): CodeIgniter\Boot::bootWeb(Object(Config\Paths))
ERROR - 2025-10-09 15:30:31 --> Error connecting to the database: mysqli_sql_exception: Unknown database 'lms_bayani' in C:\xampp\htdocs\ITE311-BAYANI\system\Database\MySQLi\Connection.php:201
Stack trace:
#0 C:\xampp\htdocs\ITE311-BAYANI\system\Database\MySQLi\Connection.php(201): mysqli->real_connect('127.0.0.1', 'root', Object(SensitiveParameterValue), 'lms_bayani', 3306, '', 0)
#1 C:\xampp\htdocs\ITE311-BAYANI\system\Database\BaseConnection.php(419): CodeIgniter\Database\MySQLi\Connection->connect(false)
#2 C:\xampp\htdocs\ITE311-BAYANI\system\Database\BaseConnection.php(614): CodeIgniter\Database\BaseConnection->initialize()
#3 C:\xampp\htdocs\ITE311-BAYANI\system\Database\BaseConnection.php(1525): CodeIgniter\Database\BaseConnection->query('SHOW TABLES FRO...')
#4 C:\xampp\htdocs\ITE311-BAYANI\system\Database\BaseConnection.php(1545): CodeIgniter\Database\BaseConnection->listTables()
#5 C:\xampp\htdocs\ITE311-BAYANI\system\Database\MigrationRunner.php(768): CodeIgniter\Database\BaseConnection->tableExists('migrations')
#6 C:\xampp\htdocs\ITE311-BAYANI\system\Database\MigrationRunner.php(162): CodeIgniter\Database\MigrationRunner->ensureTable()
#7 C:\xampp\htdocs\ITE311-BAYANI\system\Commands\Database\Migrate.php(85): CodeIgniter\Database\MigrationRunner->latest(NULL)
#8 C:\xampp\htdocs\ITE311-BAYANI\system\CLI\Commands.php(74): CodeIgniter\Commands\Database\Migrate->run(Array)
#9 C:\xampp\htdocs\ITE311-BAYANI\system\CLI\Console.php(47): CodeIgniter\CLI\Commands->run('migrate', Array)
#10 C:\xampp\htdocs\ITE311-BAYANI\system\Boot.php(388): CodeIgniter\CLI\Console->run()
#11 C:\xampp\htdocs\ITE311-BAYANI\system\Boot.php(133): CodeIgniter\Boot::runCommand(Object(CodeIgniter\CLI\Console))
#12 C:\xampp\htdocs\ITE311-BAYANI\spark(87): CodeIgniter\Boot::bootSpark(Object(Config\Paths))
#13 {main}

Next CodeIgniter\Database\Exceptions\DatabaseException: Unknown database 'lms_bayani' in C:\xampp\htdocs\ITE311-BAYANI\system\Database\MySQLi\Connection.php:246
Stack trace:
#0 C:\xampp\htdocs\ITE311-BAYANI\system\Database\BaseConnection.php(419): CodeIgniter\Database\MySQLi\Connection->connect(false)
#1 C:\xampp\htdocs\ITE311-BAYANI\system\Database\BaseConnection.php(614): CodeIgniter\Database\BaseConnection->initialize()
#2 C:\xampp\htdocs\ITE311-BAYANI\system\Database\BaseConnection.php(1525): CodeIgniter\Database\BaseConnection->query('SHOW TABLES FRO...')
#3 C:\xampp\htdocs\ITE311-BAYANI\system\Database\BaseConnection.php(1545): CodeIgniter\Database\BaseConnection->listTables()
#4 C:\xampp\htdocs\ITE311-BAYANI\system\Database\MigrationRunner.php(768): CodeIgniter\Database\BaseConnection->tableExists('migrations')
#5 C:\xampp\htdocs\ITE311-BAYANI\system\Database\MigrationRunner.php(162): CodeIgniter\Database\MigrationRunner->ensureTable()
#6 C:\xampp\htdocs\ITE311-BAYANI\system\Commands\Database\Migrate.php(85): CodeIgniter\Database\MigrationRunner->latest(NULL)
#7 C:\xampp\htdocs\ITE311-BAYANI\system\CLI\Commands.php(74): CodeIgniter\Commands\Database\Migrate->run(Array)
#8 C:\xampp\htdocs\ITE311-BAYANI\system\CLI\Console.php(47): CodeIgniter\CLI\Commands->run('migrate', Array)
#9 C:\xampp\htdocs\ITE311-BAYANI\system\Boot.php(388): CodeIgniter\CLI\Console->run()
#10 C:\xampp\htdocs\ITE311-BAYANI\system\Boot.php(133): CodeIgniter\Boot::runCommand(Object(CodeIgniter\CLI\Console))
#11 C:\xampp\htdocs\ITE311-BAYANI\spark(87): CodeIgniter\Boot::bootSpark(Object(Config\Paths))
#12 {main}
